    

    << Start of Message >>
    There was a hacking attempt on your form. 
 
    Date of Attack: 08 Apr 2020
    IP-Adress: 127.0.0.1 

    Host of Attacker: localhost
    Point of Attack: Formtoken
    << End of Message >>    

    << Start of Message >>
    There was a hacking attempt on your form. 
 
    Date of Attack: 08 Apr 2020
    IP-Adress: 127.0.0.1 

    Host of Attacker: localhost
    Point of Attack: Formtoken
    << End of Message >>    

    << Start of Message >>
    There was a hacking attempt on your form. 
 
    Date of Attack: 06 May 2020
    IP-Adress: 127.0.0.1 

    Host of Attacker: localhost
    Point of Attack: Confirmation mail has send to guestsotiris_k@aol.com
    << End of Message >>    

    << Start of Message >>
    There was a hacking attempt on your form. 
 
    Date of Attack: 06 May 2020
    IP-Adress: 127.0.0.1 

    Host of Attacker: localhost
    Point of Attack: Confirmation mail has send to admin
    << End of Message >>    

    << Start of Message >>
    There was a hacking attempt on your form. 
 
    Date of Attack: 06 May 2020
    IP-Adress: 127.0.0.1 

    Host of Attacker: localhost
    Point of Attack: Confirmation mail has send to guestsotiris_k@aol.com
    << End of Message >>    

    << Start of Message >>
    There was a hacking attempt on your form. 
 
    Date of Attack: 06 May 2020
    IP-Adress: 127.0.0.1 

    Host of Attacker: localhost
    Point of Attack: Confirmation mail has send to admin
    << End of Message >>    

    << Start of Message >>
    There was a hacking attempt on your form. 
 
    Date of Attack: 06 May 2020
    IP-Adress: 127.0.0.1 

    Host of Attacker: localhost
    Point of Attack: Confirmation mail has send to guesttest@test.com
    << End of Message >>    

    << Start of Message >>
    There was a hacking attempt on your form. 
 
    Date of Attack: 06 May 2020
    IP-Adress: 127.0.0.1 

    Host of Attacker: localhost
    Point of Attack: Confirmation mail has send to admin
    << End of Message >>    

    << Start of Message >>
    There was a hacking attempt on your form. 
 
    Date of Attack: 06 May 2020
    IP-Adress: 127.0.0.1 

    Host of Attacker: localhost
    Point of Attack: Confirmation mail has send to guestsotiris_k@aol.com
    << End of Message >>    

    << Start of Message >>
    There was a hacking attempt on your form. 
 
    Date of Attack: 06 May 2020
    IP-Adress: 127.0.0.1 

    Host of Attacker: localhost
    Point of Attack: Confirmation mail has send to admin
    << End of Message >>    

    << Start of Message >>
    There was a hacking attempt on your form. 
 
    Date of Attack: 06 May 2020
    IP-Adress: 127.0.0.1 

    Host of Attacker: localhost
    Point of Attack: Confirmation mail has send to guestsotiris_k@aol.com
    << End of Message >>    

    << Start of Message >>
    There was a hacking attempt on your form. 
 
    Date of Attack: 06 May 2020
    IP-Adress: 127.0.0.1 

    Host of Attacker: localhost
    Point of Attack: Confirmation mail has send to admin
    << End of Message >>    

    << Start of Message >>
    There was a hacking attempt on your form. 
 
    Date of Attack: 06 May 2020
    IP-Adress: 127.0.0.1 

    Host of Attacker: localhost
    Point of Attack: Confirmation mail has send to guestsotiris_k@aol.com
    << End of Message >>    

    << Start of Message >>
    There was a hacking attempt on your form. 
 
    Date of Attack: 06 May 2020
    IP-Adress: 127.0.0.1 

    Host of Attacker: localhost
    Point of Attack: Confirmation mail has send to admin
    << End of Message >>    

    << Start of Message >>
    There was a hacking attempt on your form. 
 
    Date of Attack: 06 May 2020
    IP-Adress: 127.0.0.1 

    Host of Attacker: localhost
    Point of Attack: Confirmation mail has send to guestsotiris_k@aol.com
    << End of Message >>    

    << Start of Message >>
    There was a hacking attempt on your form. 
 
    Date of Attack: 06 May 2020
    IP-Adress: 127.0.0.1 

    Host of Attacker: localhost
    Point of Attack: Confirmation mail has send to admin
    << End of Message >>    

    << Start of Message >>
    There was a hacking attempt on your form. 
 
    Date of Attack: 07 May 2020
    IP-Adress: 127.0.0.1 

    Host of Attacker: localhost
    Point of Attack: Confirmation mail has send to guesttest@test.com
    << End of Message >>    

    << Start of Message >>
    There was a hacking attempt on your form. 
 
    Date of Attack: 07 May 2020
    IP-Adress: 127.0.0.1 

    Host of Attacker: localhost
    Point of Attack: Confirmation mail has send to admin
    << End of Message >>    

    << Start of Message >>
    There was a hacking attempt on your form. 
 
    Date of Attack: 07 May 2020
    IP-Adress: 127.0.0.1 

    Host of Attacker: localhost
    Point of Attack: Confirmation mail has send to guesttest@test.com
    << End of Message >>    

    << Start of Message >>
    There was a hacking attempt on your form. 
 
    Date of Attack: 07 May 2020
    IP-Adress: 127.0.0.1 

    Host of Attacker: localhost
    Point of Attack: Confirmation mail has send to admin
    << End of Message >>    

    << Start of Message >>
    There was a hacking attempt on your form. 
 
    Date of Attack: 07 May 2020
    IP-Adress: 127.0.0.1 

    Host of Attacker: localhost
    Point of Attack: Confirmation mail has send to guesttest@test.com
    << End of Message >>    

    << Start of Message >>
    There was a hacking attempt on your form. 
 
    Date of Attack: 07 May 2020
    IP-Adress: 127.0.0.1 

    Host of Attacker: localhost
    Point of Attack: Confirmation mail has send to admin
    << End of Message >>    

    << Start of Message >>
    There was a hacking attempt on your form. 
 
    Date of Attack: 07 May 2020
    IP-Adress: 127.0.0.1 

    Host of Attacker: localhost
    Point of Attack: Confirmation mail has send to guestsotiris_k@aol.com
    << End of Message >>    

    << Start of Message >>
    There was a hacking attempt on your form. 
 
    Date of Attack: 07 May 2020
    IP-Adress: 127.0.0.1 

    Host of Attacker: localhost
    Point of Attack: Confirmation mail has send to admin
    << End of Message >>    

    << Start of Message >>
    There was a hacking attempt on your form. 
 
    Date of Attack: 07 May 2020
    IP-Adress: 127.0.0.1 

    Host of Attacker: localhost
    Point of Attack: Confirmation mail has send to guestsotiris_k@aol.com
    << End of Message >>    

    << Start of Message >>
    There was a hacking attempt on your form. 
 
    Date of Attack: 07 May 2020
    IP-Adress: 127.0.0.1 

    Host of Attacker: localhost
    Point of Attack: Confirmation mail has send to admin
    << End of Message >>    

    << Start of Message >>
    There was a hacking attempt on your form. 
 
    Date of Attack: 07 May 2020
    IP-Adress: 127.0.0.1 

    Host of Attacker: localhost
    Point of Attack: Confirmation mail has send to guestsotiris_k@aol.com
    << End of Message >>    

    << Start of Message >>
    There was a hacking attempt on your form. 
 
    Date of Attack: 07 May 2020
    IP-Adress: 127.0.0.1 

    Host of Attacker: localhost
    Point of Attack: Confirmation mail has send to admin
    << End of Message >>    

    << Start of Message >>
    There was a hacking attempt on your form. 
 
    Date of Attack: 07 May 2020
    IP-Adress: 127.0.0.1 

    Host of Attacker: localhost
    Point of Attack: Confirmation mail has send to guestsotiris_k@aol.com
    << End of Message >>    

    << Start of Message >>
    There was a hacking attempt on your form. 
 
    Date of Attack: 07 May 2020
    IP-Adress: 127.0.0.1 

    Host of Attacker: localhost
    Point of Attack: Confirmation mail has send to admin
    << End of Message >>    

    << Start of Message >>
    There was a hacking attempt on your form. 
 
    Date of Attack: 07 May 2020
    IP-Adress: 127.0.0.1 

    Host of Attacker: localhost
    Point of Attack: Confirmation mail has send to guestsotiris_k@aol.com
    << End of Message >>    

    << Start of Message >>
    There was a hacking attempt on your form. 
 
    Date of Attack: 07 May 2020
    IP-Adress: 127.0.0.1 

    Host of Attacker: localhost
    Point of Attack: Confirmation mail has send to admin
    << End of Message >>    

    << Start of Message >>
    There was a hacking attempt on your form. 
 
    Date of Attack: 07 May 2020
    IP-Adress: 127.0.0.1 

    Host of Attacker: localhost
    Point of Attack: Confirmation mail has send to guestsotiris_k@aol.com
    << End of Message >>    

    << Start of Message >>
    There was a hacking attempt on your form. 
 
    Date of Attack: 07 May 2020
    IP-Adress: 127.0.0.1 

    Host of Attacker: localhost
    Point of Attack: Confirmation mail has send to admin
    << End of Message >>